
example at line 179:
a string defined with double quotes
foo bar
foo bar gnu

example at line 198:
foobargnu
foo-bar-gnu
foo, bar, gnu

example at line 218:
foobar
foo-bar
foo,
bar

example at line 241:
you can add strings using the + operator

example at line 261:
0
10

example at line 279:

foo
foo bar
foobargnu
9

example at line 305:
line1
line2
	a tab character
line1
line2
	a tab character

example at line 325:
"using double quotes in double quoted string"
'using single quotes in single quoted string'

example at line 368:
x = foo
foobar

example at line 407:
x = foo
x = bar

example at line 487:
0 1 2 3 99
-99 -3 -2 -1
0.0 0.01 0.5 2.718
-2.718 -0.5 -0.01

example at line 505:
0 99
0.0 99.0

example at line 531:
3
2
6
9
3.0
2.0
6.0
9.0
2.0
2.0
1.5
2.0

example at line 562:
121.0

example at line 578:
121.0

example at line 629:
True False

example at line 641:
True False
False True

example at line 660:
True
False
False
False

example at line 674:
True
True
True
False

example at line 687:
False
True

example at line 746:
[]
['a', 'b', 'c']
[1, 2, 3]
[[], [1], [1, 2]]
[1, 3.14, 'foo', ['bar']]

example at line 772:
[]
[0.01, 0.1, 1.0]
[[], [1], [1, 2]]

example at line 795:
0
3
[[], [1], [1, 2]]
2

example at line 818:
3

example at line 837:
[1, 2, 3, 4, 5, 6]
['a', 'b', 'c', 'd', 'e', 'f']
[1, 2]

example at line 869:
foo
bar
gnu
2

example at line 899:
['a', 'b', 'c', 'foo']

example at line 959:
True
False

example at line 981:
True
False

example at line 996:
True
False

example at line 1019:
False
False
False
False
False
False
False

example at line 1053:
True
True

example at line 1069:
True
True
True
True

example at line 1090:
True
True
True

example at line 1113:
True
True
True
True

example at line 1128:
True
True
True
True
False
False
False
False

example at line 1177:
True
True
True
True

example at line 1192:
True
True
True
True
True
True
True

example at line 1228:
True

example at line 1251:
True
False
False

example at line 1274:
True
True
True
False

example at line 1305:
foo
bar
gnu

example at line 1376:
foo
foo
bar
bar
gnu
gnu

example at line 1396:
a
A
b
B
c
C
d
D
e
E
f
F

example at line 1412:
1 1
2 3
3 6

example at line 1428:
ac
ad
bc
bd

example at line 1455:
B
D

example at line 1526:
foo

example at line 1560:
even = 2 odd = 3

example at line 1596:
even = 2 odd = 3

example at line 1632:
freq0 = 2 freq1 = 1
freq2 = 3 freq = 1

example at line 1680:
freq0 = 2 freq1 = 1
freq2 = 3 freq = 1

example at line 1821:
Failed to read file 'foo'.
Failed to read file 'foo'.

example at line 1945:
[Errno 2] No such file or directory: 'foo'
'<' not supported between instances of 'int' and 'str'

example at line 1977:
name 'unbound_name' is not defined

example at line 1989:
list index out of range
