
example at line 93:
[1, 2, 3]
<class 'list'>

example at line 115:
[]

example at line 130:
[1]

example at line 147:
[5.830951894845301, 153.93804002589985]
['', 'a', 'bc']
[(), (1,), (2, 3)]
[[], [1], [2, 3]]

example at line 180:
[0, 3.141592653589793, 'abc', ['a', 'b'], (1, 2)]

example at line 192:
['a', 'b', 'c', 'd', 'e', 'f', 'g', 'h', 'i', 'j', 'k', 'l']
list index out of range

example at line 635:
TypeError '>' not supported between instances of 'str' and 'int'

example at line 650:
ValueError max() arg is an empty sequence
ValueError 'd' is not in list

example at line 1063:
ValueError list.remove(x): x not in list
