Example 1:
Example 2:
Example 3:
Example 4:
a string defined with double quotes
foo bar
foo bar gnu
Example 5:
foobargnu
foo-bar-gnu
foo, bar, gnu
Example 6:
foobar
foo-bar
foo,
bar
Example 7:
you can add strings using the + operator
Example 8:
0
10
Example 9:

foo
foo bar
foobargnu
9
Example 10:
line1
line2
	a tab character
line1
line2
	a tab character
Example 11:
"using double quotes in double quoted string"
'using single quotes in single quoted string'
Example 12:
Example 13:
x = foo
foobar
Example 14:
x = foo
x = bar
Example 15:
Example 16:
Example 17:
Example 18:
Example 19:
0 1 2 3 99
-99 -3 -2 -1
0.0 0.01 0.5 2.718
-2.718 -0.5 -0.01
Example 20:
0 99
0.0 99.0
Example 21:
3
2
6
9
3.0
2.0
6.0
9.0
2.0
2.0
1.5
2.0
Example 22:
121.0
Example 23:
121.0
Example 24:
Example 25:
True False
Example 26:
True False
False True
Example 27:
True
False
False
False
Example 28:
True
True
True
False
Example 29:
False
True
Example 30:
Example 31:
Example 32:
[]
['a', 'b', 'c']
[1, 2, 3]
[[], [1], [1, 2]]
[1, 3.14, 'foo', ['bar']]
Example 33:
[]
[0.01, 0.1, 1.0]
[[], [1], [1, 2]]
Example 34:
0
3
[[], [1], [1, 2]]
2
Example 35:
3
Example 36:
[1, 2, 3, 4, 5, 6]
['a', 'b', 'c', 'd', 'e', 'f']
[1, 2]
Example 37:
foo
bar
gnu
2
Example 38:
['a', 'b', 'c', 'foo']
Example 39:
True
False
Example 40:
True
False
Example 41:
True
False
Example 42:
False
False
False
False
False
False
False
Example 43:
True
True
Example 44:
True
True
True
True
Example 45:
True
True
True
Example 46:
True
True
True
True
Example 47:
True
True
True
True
False
False
False
False
Example 48:
Example 49:
True
True
True
True
Example 50:
True
True
True
True
True
True
True
Example 51:
Example 52:
True
Example 53:
True
False
False
Example 54:
True
True
True
False
Example 55:
foo
bar
gnu
Example 56:
Example 57:
Example 58:
foo
foo
bar
bar
gnu
gnu
Example 59:
a
A
b
B
c
C
d
D
e
E
f
F
Example 60:
1 1
2 3
3 6
Example 61:
ac
ad
bc
bd
Example 62:
B
D
Example 63:
Example 64:
foo
Example 65:
even = 2 odd = 3
Example 66:
even = 2 odd = 3
Example 67:
freq0 = 2 freq1 = 1
freq2 = 3 freq = 1
Example 68:
freq0 = 2 freq1 = 1
freq2 = 3 freq = 1
Example 69:
Example 70:
Failed to read file 'foo'.
Example 71:
Example 72:
Example 73:
Example 74:
Failed to read file 'foo'.
Example 75:
[Errno 2] No such file or directory: 'foo'
Example 76:
'<' not supported between instances of 'int' and 'str'
Example 77:
name 'unbound_name' is not defined
Example 78:
list index out of range
Example 79:
Example 80:
Example 81:
Example 82:
