151> []
154> [1]
157> [1, 2, 3]
160> ['a', 'b', 'c']
163> [['a', 'b'], ['d'], []]
166> [1, 3.141592653589793, 'a', ['b'], ('c',)]
169> ['a', 'b', 'c', 'd', 'e', 'f', 'g', 'h', 'i']
349> ['a', 'b']
352> ['b', 'c']
357> ['a', 'b', 'c']
467> TypeError '>' not supported between instances of 'str' and 'int'
474> ValueError min() arg is an empty sequence
502> ValueError 'd' is not in list
530> ['a', 'b', 'f']
536> []
545> ['d', 'b', 'c']
551> ['a', 'd', 'd', 'd']
565> [1, 2, 3]
577> ['c', 'b', 'a']
598> a
598> b
598> c
602> 1
602> 2
602> 3
